<?xml version="1.0" encoding="UTF-8"?>
<testsuite name="TestSuite" time="32.993" tests="6" errors="0" skipped="0" failures="0">
  <properties>
    <property name="java.runtime.name" value="Java(TM) SE Runtime Environment"/>
    <property name="sun.boot.library.path" value="C:\Program Files\Java\jdk1.8.0_144\jre\bin"/>
    <property name="java.vm.version" value="25.144-b01"/>
    <property name="java.vm.vendor" value="Oracle Corporation"/>
    <property name="maven.multiModuleProjectDirectory" value="F:\Automation_testing\EclipseWorkspace\DataDrivenGrid_2"/>
    <property name="java.vendor.url" value="http://java.oracle.com/"/>
    <property name="path.separator" value=";"/>
    <property name="guice.disable.misplaced.annotation.check" value="true"/>
    <property name="java.vm.name" value="Java HotSpot(TM) 64-Bit Server VM"/>
    <property name="file.encoding.pkg" value="sun.io"/>
    <property name="user.script" value=""/>
    <property name="user.country" value="HU"/>
    <property name="sun.java.launcher" value="SUN_STANDARD"/>
    <property name="sun.os.patch.level" value=""/>
    <property name="java.vm.specification.name" value="Java Virtual Machine Specification"/>
    <property name="user.dir" value="F:\Automation_testing\EclipseWorkspace\DataDrivenGrid_2"/>
    <property name="java.runtime.version" value="1.8.0_144-b01"/>
    <property name="java.awt.graphicsenv" value="sun.awt.Win32GraphicsEnvironment"/>
    <property name="java.endorsed.dirs" value="C:\Program Files\Java\jdk1.8.0_144\jre\lib\endorsed"/>
    <property name="os.arch" value="amd64"/>
    <property name="java.io.tmpdir" value="C:\Users\attil\AppData\Local\Temp\"/>
    <property name="line.separator" value="&#10;"/>
    <property name="java.vm.specification.vendor" value="Oracle Corporation"/>
    <property name="user.variant" value=""/>
    <property name="os.name" value="Windows 10"/>
    <property name="classworlds.conf" value="F:\Automation_testing\EclipseWorkspace\.metadata\.plugins\org.eclipse.m2e.launching\launches\m2conf13771708649070570684.tmp"/>
    <property name="sun.jnu.encoding" value="Cp1250"/>
    <property name="java.library.path" value="C:\Program Files\Java\jdk1.8.0_144\bin;C:\WINDOWS\Sun\Java\bin;C:\WINDOWS\system32;C:\WINDOWS;C:\WINDOWS\system32;C:\WINDOWS;C:\WINDOWS\System32\Wbem;C:\WINDOWS\System32\WindowsPowerShell\v1.0\;C:\Program Files\OpenVPN\bin;C:\WINDOWS\System32\OpenSSH\;C:\Program Files\Git\cmd;C:\Program Files\PuTTY\;C:\Program Files\Java\jdk-11\bin;C:\Users\attil\AppData\Local\Android\Sdk\platforms;C:\Users\attil\AppData\Local\Android\Sdk\platform-tools;C:\Users\attil\AppData\Local\Google\webdrivers\;F:\Automation_testing\selenium-2.44.0\chromedriver.exe;F:\Automation_testing\apache_ant\apache-ant-1.10.8\bin;F:\Automation_testing\saxon_jar;F:\Automation_testing\geckodriver;F:\Automation_testing\apache-maven-3.6.3\bin;C:\ProgramData\Oracle\Java\javapath;C:\Program Files\Java\jdk1.8.0_144\jre\bin;F:\Automation_testing\apache_log4j\apache-log4j-2.13.3-bin\log4j-api-2.13.3.jar;F:\Automation_testing\apache_log4j\apache-log4j-2.13.3-bin\log4j-core-2.13.3.jar;C:\Program Files\nodejs\;C:\Program Files\Java\jdk-11;F:\Automation_testing\apache_ant\apache-ant-1.10.8;F:\Automation_testing\apache-maven-3.6.3\bin;C:\Program Files\Docker\Docker\resources\bin;C:\Users\attil\AppData\Local\Microsoft\WindowsApps;C:\Users\attil\AppData\Local\Programs\Fiddler;C:\Users\attil\AppData\Local\Microsoft\WindowsApps;C:\Users\attil\AppData\Local\Android\Sdk\platform-tools;C:\Users\attil\AppData\Roaming\npm;."/>
    <property name="java.specification.name" value="Java Platform API Specification"/>
    <property name="java.class.version" value="52.0"/>
    <property name="sun.management.compiler" value="HotSpot 64-Bit Tiered Compilers"/>
    <property name="os.version" value="10.0"/>
    <property name="user.home" value="C:\Users\attil"/>
    <property name="user.timezone" value="Europe/Prague"/>
    <property name="java.awt.printerjob" value="sun.awt.windows.WPrinterJob"/>
    <property name="java.specification.version" value="1.8"/>
    <property name="file.encoding" value="Cp1250"/>
    <property name="user.name" value="attil"/>
    <property name="java.class.path" value="F:\Automation_testing\eclipse-jee-2020-09\plugins\org.eclipse.m2e.maven.runtime_1.18.0.20210618-2246\jars\plexus-classworlds-2.6.0.jar"/>
    <property name="java.vm.specification.version" value="1.8"/>
    <property name="sun.arch.data.model" value="64"/>
    <property name="java.home" value="C:\Program Files\Java\jdk1.8.0_144\jre"/>
    <property name="sun.java.command" value="org.codehaus.plexus.classworlds.launcher.Launcher -B -s F:\Automation_testing\Maven\.m2\settings.xml test"/>
    <property name="java.specification.vendor" value="Oracle Corporation"/>
    <property name="user.language" value="hu"/>
    <property name="awt.toolkit" value="sun.awt.windows.WToolkit"/>
    <property name="java.vm.info" value="mixed mode"/>
    <property name="java.version" value="1.8.0_144"/>
    <property name="java.ext.dirs" value="C:\Program Files\Java\jdk1.8.0_144\jre\lib\ext;C:\WINDOWS\Sun\Java\lib\ext"/>
    <property name="sun.boot.class.path" value="C:\Program Files\Java\jdk1.8.0_144\jre\lib\resources.jar;C:\Program Files\Java\jdk1.8.0_144\jre\lib\rt.jar;C:\Program Files\Java\jdk1.8.0_144\jre\lib\sunrsasign.jar;C:\Program Files\Java\jdk1.8.0_144\jre\lib\jsse.jar;C:\Program Files\Java\jdk1.8.0_144\jre\lib\jce.jar;C:\Program Files\Java\jdk1.8.0_144\jre\lib\charsets.jar;C:\Program Files\Java\jdk1.8.0_144\jre\lib\jfr.jar;C:\Program Files\Java\jdk1.8.0_144\jre\classes"/>
    <property name="java.vendor" value="Oracle Corporation"/>
    <property name="maven.home" value="F:\Automation_testing\EclipseWorkspace\DataDrivenGrid_2\EMBEDDED"/>
    <property name="file.separator" value="\"/>
    <property name="java.vendor.url.bug" value="http://bugreport.sun.com/bugreport/"/>
    <property name="sun.cpu.endian" value="little"/>
    <property name="sun.io.unicode.encoding" value="UnicodeLittle"/>
    <property name="sun.desktop" value="windows"/>
    <property name="sun.cpu.isalist" value="amd64"/>
  </properties>
  <testcase name="openAccountTest" classname="com.ipa.suite.bankmanager.testcases.OpenAccountTest" time="15.904"/>
  <testcase name="openAccountTest" classname="com.ipa.suite.bankmanager.testcases.OpenAccountTest" time="22.146"/>
  <testcase name="openAccountTest" classname="com.ipa.suite.bankmanager.testcases.OpenAccountTest" time="27.657"/>
  <testcase name="addCustomerTest" classname="com.ipa.suite.bankmanager.testcases.AddCustomerTest" time="17.089"/>
  <testcase name="addCustomerTest" classname="com.ipa.suite.bankmanager.testcases.AddCustomerTest" time="19.854"/>
  <testcase name="addCustomerTest" classname="com.ipa.suite.bankmanager.testcases.AddCustomerTest" time="27.821"/>
</testsuite>