<?xml version="1.0" encoding="UTF-8"?>
<!-- Generated by org.testng.reporters.JUnitReportReporter -->
<testsuite skipped="0" hostname="attila-pc" name="com.ipa.suite.bankmanager.testcases.OpenAccountTest" tests="3" failures="0" timestamp="2022-01-11T08:38:37 CET" time="70.660" errors="0">
  <testcase name="openAccountTest" time="21.277" classname="com.ipa.suite.bankmanager.testcases.OpenAccountTest"/>
  <system-out/>
  <testcase name="openAccountTest" time="30.070" classname="com.ipa.suite.bankmanager.testcases.OpenAccountTest"/>
  <system-out/>
  <testcase name="openAccountTest" time="19.313" classname="com.ipa.suite.bankmanager.testcases.OpenAccountTest"/>
  <system-out/>
</testsuite> <!-- com.ipa.suite.bankmanager.testcases.OpenAccountTest -->
