<?xml version="1.0" encoding="UTF-8"?>
<!-- Generated by org.testng.reporters.JUnitReportReporter -->
<testsuite skipped="0" hostname="attila-pc" name="com.ipa.suite.bankmanager.testcases.AddCustomerTest" tests="3" failures="0" timestamp="2022-01-11T08:38:37 CET" time="70.373" errors="0">
  <testcase name="addCustomerTest" time="21.118" classname="com.ipa.suite.bankmanager.testcases.AddCustomerTest"/>
  <system-out/>
  <testcase name="addCustomerTest" time="22.980" classname="com.ipa.suite.bankmanager.testcases.AddCustomerTest"/>
  <system-out/>
  <testcase name="addCustomerTest" time="26.275" classname="com.ipa.suite.bankmanager.testcases.AddCustomerTest"/>
  <system-out/>
</testsuite> <!-- com.ipa.suite.bankmanager.testcases.AddCustomerTest -->
