<?xml version="1.0" encoding="UTF-8"?>
<!-- Generated by org.testng.reporters.JUnitReportReporter -->
<testsuite skipped="0" hostname="attila-pc" name="com.ipa.suite.bankmanager.testcases.AddCustomerTest" tests="3" failures="0" timestamp="11 jan. 2022 07:40:03 GMT" time="67.850" errors="0">
  <testcase name="addCustomerTest" time="17.515" classname="com.ipa.suite.bankmanager.testcases.AddCustomerTest"/>
  <testcase name="addCustomerTest" time="20.425" classname="com.ipa.suite.bankmanager.testcases.AddCustomerTest"/>
  <testcase name="addCustomerTest" time="29.910" classname="com.ipa.suite.bankmanager.testcases.AddCustomerTest"/>
</testsuite> <!-- com.ipa.suite.bankmanager.testcases.AddCustomerTest -->
