<?xml version="1.0" encoding="UTF-8"?>
<!-- Generated by org.testng.reporters.JUnitReportReporter -->
<testsuite skipped="0" hostname="attila-pc" name="com.ipa.suite.bankmanager.testcases.OpenAccountTest" tests="3" failures="0" timestamp="11 jan. 2022 07:40:03 GMT" time="67.705" errors="0">
  <testcase name="openAccountTest" time="28.330" classname="com.ipa.suite.bankmanager.testcases.OpenAccountTest"/>
  <testcase name="openAccountTest" time="15.123" classname="com.ipa.suite.bankmanager.testcases.OpenAccountTest"/>
  <testcase name="openAccountTest" time="24.252" classname="com.ipa.suite.bankmanager.testcases.OpenAccountTest"/>
</testsuite> <!-- com.ipa.suite.bankmanager.testcases.OpenAccountTest -->
